c:\users\arcco\documents\github\framework\engine\bin\vc140.pdb
c:\users\arcco\documents\github\framework\engine\bin\vc140.idb
c:\users\arcco\documents\github\framework\engine\bin\gameinstance.obj
c:\users\arcco\documents\github\framework\engine\bin\gameobject.obj
c:\users\arcco\documents\github\framework\engine\bin\graphic_device.obj
c:\users\arcco\documents\github\framework\engine\bin\input_device.obj
c:\users\arcco\documents\github\framework\engine\bin\layer.obj
c:\users\arcco\documents\github\framework\engine\bin\level.obj
c:\users\arcco\documents\github\framework\engine\bin\level_manager.obj
c:\users\arcco\documents\github\framework\engine\bin\object_manager.obj
c:\users\arcco\documents\github\framework\engine\bin\pipeline.obj
c:\users\arcco\documents\github\framework\engine\bin\renderer.obj
c:\users\arcco\documents\github\framework\engine\bin\shader.obj
c:\users\arcco\documents\github\framework\engine\bin\texture.obj
c:\users\arcco\documents\github\framework\engine\bin\timer.obj
c:\users\arcco\documents\github\framework\engine\bin\timer_manager.obj
c:\users\arcco\documents\github\framework\engine\bin\transform.obj
c:\users\arcco\documents\github\framework\engine\bin\vibuffer.obj
c:\users\arcco\documents\github\framework\engine\bin\vibuffer_cube.obj
c:\users\arcco\documents\github\framework\engine\bin\vibuffer_rect.obj
c:\users\arcco\documents\github\framework\engine\bin\vibuffer_terrain.obj
c:\users\arcco\documents\github\framework\engine\bin\vibuffer_triangle.obj
c:\users\arcco\documents\github\framework\engine\bin\base.obj
c:\users\arcco\documents\github\framework\engine\bin\camera.obj
c:\users\arcco\documents\github\framework\engine\bin\component.obj
c:\users\arcco\documents\github\framework\engine\bin\component_manager.obj
c:\users\arcco\documents\github\framework\engine\bin\engine_struct.obj
c:\users\arcco\documents\github\framework\engine\bin\engine.lib
c:\users\arcco\documents\github\framework\engine\bin\engine.exp
c:\users\arcco\documents\github\framework\engine\bin\engine.ilk
c:\users\arcco\documents\github\framework\engine\bin\engine.dll
c:\users\arcco\documents\github\framework\engine\bin\engine.pdb
c:\users\arcco\documents\github\framework\engine\bin\../bin/engine.pdb
c:\users\arcco\documents\github\framework\engine\config\../bin/engine.dll
c:\users\arcco\documents\github\framework\engine\bin\../bin/engine.ilk
c:\users\arcco\documents\github\framework\engine\bin\engine.tlog\cl.command.1.tlog
c:\users\arcco\documents\github\framework\engine\bin\engine.tlog\cl.read.1.tlog
c:\users\arcco\documents\github\framework\engine\bin\engine.tlog\cl.write.1.tlog
c:\users\arcco\documents\github\framework\engine\bin\engine.tlog\engine.write.1u.tlog
c:\users\arcco\documents\github\framework\engine\bin\engine.tlog\link.command.1.tlog
c:\users\arcco\documents\github\framework\engine\bin\engine.tlog\link.read.1.tlog
c:\users\arcco\documents\github\framework\engine\bin\engine.tlog\link.write.1.tlog
