  VIBuffer_Triangle.cpp
  VIBuffer_Terrain.cpp
  VIBuffer_Rect.cpp
  VIBuffer_Cube.cpp
  VIBuffer.cpp
  Transform.cpp
  Timer_Manager.cpp
  Timer.cpp
  Texture.cpp
  Shader.cpp
  Renderer.cpp
  PipeLine.cpp
  Object_Manager.cpp
  Model.cpp
  Mesh.cpp
c:\github\framework\engine\private\mesh.cpp(32): error C2352: 'Engine::CMesh::Initialize_Prototype': 비정적 멤버 함수를 잘못 호출했습니다.
  c:\github\framework\engine\private\mesh.cpp(13): note: 'Engine::CMesh::Initialize_Prototype' 선언을 참조하십시오.
  Level_Manager.cpp
  Level.cpp
  Layer.cpp
  Input_Device.cpp
  Graphic_Device.cpp
  코드를 생성하고 있습니다...
  컴파일하고 있습니다...
  GameObject.cpp
  GameInstance.cpp
  Engine_Struct.cpp
  Component_Manager.cpp
  Component.cpp
  Camera.cpp
  Base.cpp
  코드를 생성하고 있습니다...
