  Boss.cpp
c:\users\arcco\documents\github\framework\client\private\boss.cpp(312): warning C4244: '+=': 'Engine::_double'에서 'Engine::_float'(으)로 변환하면서 데이터가 손실될 수 있습니다.
c:\users\arcco\documents\github\framework\client\private\boss.cpp(540): warning C4244: '인수': 'Engine::_double'에서 'float'(으)로 변환하면서 데이터가 손실될 수 있습니다.
c:\users\arcco\documents\github\framework\client\private\boss.cpp(580): warning C4244: '인수': 'Engine::_double'에서 'float'(으)로 변환하면서 데이터가 손실될 수 있습니다.
c:\users\arcco\documents\github\framework\client\private\boss.cpp(621): warning C4244: '인수': 'Engine::_double'에서 'float'(으)로 변환하면서 데이터가 손실될 수 있습니다.
c:\users\arcco\documents\github\framework\client\private\boss.cpp(627): warning C4244: '인수': 'Engine::_double'에서 'float'(으)로 변환하면서 데이터가 손실될 수 있습니다.
c:\users\arcco\documents\github\framework\client\private\boss.cpp(633): warning C4244: '인수': 'Engine::_double'에서 'float'(으)로 변환하면서 데이터가 손실될 수 있습니다.
c:\users\arcco\documents\github\framework\client\private\boss.cpp(664): warning C4244: '인수': 'int'에서 'float'(으)로 변환하면서 데이터가 손실될 수 있습니다.
c:\users\arcco\documents\github\framework\client\private\boss.cpp(679): warning C4244: '인수': 'int'에서 'float'(으)로 변환하면서 데이터가 손실될 수 있습니다.
c:\users\arcco\documents\github\framework\client\private\boss.cpp(728): warning C4244: '인수': 'int'에서 'float'(으)로 변환하면서 데이터가 손실될 수 있습니다.
c:\users\arcco\documents\github\framework\client\private\boss.cpp(743): warning C4244: '인수': 'int'에서 'float'(으)로 변환하면서 데이터가 손실될 수 있습니다.
c:\users\arcco\documents\github\framework\client\private\boss.cpp(794): warning C4244: '인수': 'int'에서 'float'(으)로 변환하면서 데이터가 손실될 수 있습니다.
c:\users\arcco\documents\github\framework\client\private\boss.cpp(809): warning C4244: '인수': 'int'에서 'float'(으)로 변환하면서 데이터가 손실될 수 있습니다.
c:\users\arcco\documents\github\framework\client\private\boss.cpp(836): warning C4244: '+=': 'Engine::_double'에서 'float'(으)로 변환하면서 데이터가 손실될 수 있습니다.
c:\users\arcco\documents\github\framework\client\private\boss.cpp(859): warning C4244: '+=': 'Engine::_double'에서 'float'(으)로 변환하면서 데이터가 손실될 수 있습니다.
c:\users\arcco\documents\github\framework\client\private\boss.cpp(880): warning C4244: '+=': 'Engine::_double'에서 'float'(으)로 변환하면서 데이터가 손실될 수 있습니다.
c:\users\arcco\documents\github\framework\client\private\boss.cpp(1049): warning C4244: '인수': 'int'에서 'float'(으)로 변환하면서 데이터가 손실될 수 있습니다.
c:\users\arcco\documents\github\framework\client\private\boss.cpp(1050): warning C4244: '인수': 'int'에서 'Engine::_float'(으)로 변환하면서 데이터가 손실될 수 있습니다.
c:\users\arcco\documents\github\framework\client\private\boss.cpp(1054): warning C4244: '+=': 'Engine::_double'에서 'Engine::_float'(으)로 변환하면서 데이터가 손실될 수 있습니다.
c:\users\arcco\documents\github\framework\client\private\boss.cpp(1093): warning C4244: '+=': 'Engine::_double'에서 'Engine::_float'(으)로 변환하면서 데이터가 손실될 수 있습니다.
c:\users\arcco\documents\github\framework\client\private\boss.cpp(1228): warning C4244: '인수': 'int'에서 'float'(으)로 변환하면서 데이터가 손실될 수 있습니다.
c:\users\arcco\documents\github\framework\client\private\boss.cpp(1244): warning C4244: '인수': 'int'에서 'float'(으)로 변환하면서 데이터가 손실될 수 있습니다.
c:\users\arcco\documents\github\framework\client\private\boss.cpp(1245): warning C4244: '인수': 'int'에서 'Engine::_float'(으)로 변환하면서 데이터가 손실될 수 있습니다.
c:\users\arcco\documents\github\framework\client\private\boss.cpp(1253): warning C4244: '+=': 'Engine::_double'에서 'Engine::_float'(으)로 변환하면서 데이터가 손실될 수 있습니다.
c:\users\arcco\documents\github\framework\client\private\boss.cpp(1274): warning C4244: '인수': 'int'에서 'float'(으)로 변환하면서 데이터가 손실될 수 있습니다.
c:\users\arcco\documents\github\framework\client\private\boss.cpp(1290): warning C4244: '인수': 'int'에서 'float'(으)로 변환하면서 데이터가 손실될 수 있습니다.
c:\users\arcco\documents\github\framework\client\private\boss.cpp(1291): warning C4244: '인수': 'int'에서 'Engine::_float'(으)로 변환하면서 데이터가 손실될 수 있습니다.
c:\users\arcco\documents\github\framework\client\private\boss.cpp(1303): warning C4244: '인수': 'int'에서 'float'(으)로 변환하면서 데이터가 손실될 수 있습니다.
c:\users\arcco\documents\github\framework\client\private\boss.cpp(1308): warning C4244: '인수': 'int'에서 'float'(으)로 변환하면서 데이터가 손실될 수 있습니다.
c:\users\arcco\documents\github\framework\client\private\boss.cpp(1309): warning C4244: '인수': 'int'에서 'Engine::_float'(으)로 변환하면서 데이터가 손실될 수 있습니다.
c:\users\arcco\documents\github\framework\client\private\boss.cpp(1327): warning C4244: '인수': 'int'에서 'float'(으)로 변환하면서 데이터가 손실될 수 있습니다.
c:\users\arcco\documents\github\framework\client\private\boss.cpp(1342): warning C4244: '인수': 'int'에서 'float'(으)로 변환하면서 데이터가 손실될 수 있습니다.
c:\users\arcco\documents\github\framework\client\private\boss.cpp(1343): warning C4244: '인수': 'int'에서 'Engine::_float'(으)로 변환하면서 데이터가 손실될 수 있습니다.
c:\users\arcco\documents\github\framework\client\private\boss.cpp(1354): warning C4244: '인수': 'int'에서 'float'(으)로 변환하면서 데이터가 손실될 수 있습니다.
c:\users\arcco\documents\github\framework\client\private\boss.cpp(1359): warning C4244: '인수': 'int'에서 'float'(으)로 변환하면서 데이터가 손실될 수 있습니다.
c:\users\arcco\documents\github\framework\client\private\boss.cpp(1360): warning C4244: '인수': 'int'에서 'Engine::_float'(으)로 변환하면서 데이터가 손실될 수 있습니다.
c:\users\arcco\documents\github\framework\client\private\boss.cpp(1365): warning C4244: '+=': 'Engine::_double'에서 'Engine::_float'(으)로 변환하면서 데이터가 손실될 수 있습니다.
c:\users\arcco\documents\github\framework\client\private\boss.cpp(1478): warning C4244: '인수': 'Engine::_double'에서 'float'(으)로 변환하면서 데이터가 손실될 수 있습니다.
c:\users\arcco\documents\github\framework\client\private\boss.cpp(1491): warning C4244: '인수': 'Engine::_int'에서 'float'(으)로 변환하면서 데이터가 손실될 수 있습니다.
c:\users\arcco\documents\github\framework\client\private\boss.cpp(1494): warning C4244: '인수': 'int'에서 'float'(으)로 변환하면서 데이터가 손실될 수 있습니다.
c:\users\arcco\documents\github\framework\client\private\boss.cpp(1507): warning C4244: '인수': 'Engine::_int'에서 'float'(으)로 변환하면서 데이터가 손실될 수 있습니다.
c:\users\arcco\documents\github\framework\client\private\boss.cpp(1510): warning C4244: '인수': 'int'에서 'float'(으)로 변환하면서 데이터가 손실될 수 있습니다.
c:\users\arcco\documents\github\framework\client\private\boss.cpp(1540): warning C4244: '인수': 'Engine::_double'에서 'float'(으)로 변환하면서 데이터가 손실될 수 있습니다.
c:\users\arcco\documents\github\framework\client\private\boss.cpp(1553): warning C4244: '인수': 'Engine::_int'에서 'float'(으)로 변환하면서 데이터가 손실될 수 있습니다.
c:\users\arcco\documents\github\framework\client\private\boss.cpp(1556): warning C4244: '인수': 'int'에서 'float'(으)로 변환하면서 데이터가 손실될 수 있습니다.
c:\users\arcco\documents\github\framework\client\private\boss.cpp(1569): warning C4244: '인수': 'Engine::_int'에서 'float'(으)로 변환하면서 데이터가 손실될 수 있습니다.
c:\users\arcco\documents\github\framework\client\private\boss.cpp(1572): warning C4244: '인수': 'int'에서 'float'(으)로 변환하면서 데이터가 손실될 수 있습니다.
c:\users\arcco\documents\github\framework\client\private\boss.cpp(1601): warning C4244: '인수': 'Engine::_double'에서 'float'(으)로 변환하면서 데이터가 손실될 수 있습니다.
c:\users\arcco\documents\github\framework\client\private\boss.cpp(1614): warning C4244: '인수': 'Engine::_int'에서 'float'(으)로 변환하면서 데이터가 손실될 수 있습니다.
c:\users\arcco\documents\github\framework\client\private\boss.cpp(1617): warning C4244: '인수': 'int'에서 'float'(으)로 변환하면서 데이터가 손실될 수 있습니다.
c:\users\arcco\documents\github\framework\client\private\boss.cpp(1630): warning C4244: '인수': 'Engine::_int'에서 'float'(으)로 변환하면서 데이터가 손실될 수 있습니다.
c:\users\arcco\documents\github\framework\client\private\boss.cpp(1633): warning C4244: '인수': 'int'에서 'float'(으)로 변환하면서 데이터가 손실될 수 있습니다.
c:\users\arcco\documents\github\framework\client\private\boss.cpp(1666): warning C4244: '+=': 'Engine::_double'에서 'Engine::_float'(으)로 변환하면서 데이터가 손실될 수 있습니다.
c:\users\arcco\documents\github\framework\client\private\boss.cpp(1770): warning C4244: '인수': 'Engine::_double'에서 'float'(으)로 변환하면서 데이터가 손실될 수 있습니다.
c:\users\arcco\documents\github\framework\client\private\boss.cpp(1783): warning C4244: '인수': 'Engine::_int'에서 'float'(으)로 변환하면서 데이터가 손실될 수 있습니다.
c:\users\arcco\documents\github\framework\client\private\boss.cpp(1786): warning C4244: '인수': 'int'에서 'float'(으)로 변환하면서 데이터가 손실될 수 있습니다.
c:\users\arcco\documents\github\framework\client\private\boss.cpp(1799): warning C4244: '인수': 'Engine::_int'에서 'float'(으)로 변환하면서 데이터가 손실될 수 있습니다.
c:\users\arcco\documents\github\framework\client\private\boss.cpp(1802): warning C4244: '인수': 'int'에서 'float'(으)로 변환하면서 데이터가 손실될 수 있습니다.
c:\users\arcco\documents\github\framework\client\private\boss.cpp(1826): warning C4244: '인수': 'Engine::_double'에서 'float'(으)로 변환하면서 데이터가 손실될 수 있습니다.
c:\users\arcco\documents\github\framework\client\private\boss.cpp(1839): warning C4244: '인수': 'Engine::_int'에서 'float'(으)로 변환하면서 데이터가 손실될 수 있습니다.
c:\users\arcco\documents\github\framework\client\private\boss.cpp(1842): warning C4244: '인수': 'int'에서 'float'(으)로 변환하면서 데이터가 손실될 수 있습니다.
c:\users\arcco\documents\github\framework\client\private\boss.cpp(1855): warning C4244: '인수': 'Engine::_int'에서 'float'(으)로 변환하면서 데이터가 손실될 수 있습니다.
c:\users\arcco\documents\github\framework\client\private\boss.cpp(1858): warning C4244: '인수': 'int'에서 'float'(으)로 변환하면서 데이터가 손실될 수 있습니다.
c:\users\arcco\documents\github\framework\client\private\boss.cpp(1882): warning C4244: '인수': 'Engine::_double'에서 'float'(으)로 변환하면서 데이터가 손실될 수 있습니다.
c:\users\arcco\documents\github\framework\client\private\boss.cpp(1895): warning C4244: '인수': 'Engine::_int'에서 'float'(으)로 변환하면서 데이터가 손실될 수 있습니다.
c:\users\arcco\documents\github\framework\client\private\boss.cpp(1898): warning C4244: '인수': 'int'에서 'float'(으)로 변환하면서 데이터가 손실될 수 있습니다.
c:\users\arcco\documents\github\framework\client\private\boss.cpp(1911): warning C4244: '인수': 'Engine::_int'에서 'float'(으)로 변환하면서 데이터가 손실될 수 있습니다.
c:\users\arcco\documents\github\framework\client\private\boss.cpp(1914): warning C4244: '인수': 'int'에서 'float'(으)로 변환하면서 데이터가 손실될 수 있습니다.
c:\users\arcco\documents\github\framework\client\private\boss.cpp(1938): warning C4244: '인수': 'Engine::_double'에서 'float'(으)로 변환하면서 데이터가 손실될 수 있습니다.
c:\users\arcco\documents\github\framework\client\private\boss.cpp(1951): warning C4244: '인수': 'Engine::_int'에서 'float'(으)로 변환하면서 데이터가 손실될 수 있습니다.
c:\users\arcco\documents\github\framework\client\private\boss.cpp(1954): warning C4244: '인수': 'int'에서 'float'(으)로 변환하면서 데이터가 손실될 수 있습니다.
c:\users\arcco\documents\github\framework\client\private\boss.cpp(1967): warning C4244: '인수': 'Engine::_int'에서 'float'(으)로 변환하면서 데이터가 손실될 수 있습니다.
c:\users\arcco\documents\github\framework\client\private\boss.cpp(1970): warning C4244: '인수': 'int'에서 'float'(으)로 변환하면서 데이터가 손실될 수 있습니다.
c:\users\arcco\documents\github\framework\client\private\boss.cpp(1994): warning C4244: '인수': 'Engine::_double'에서 'float'(으)로 변환하면서 데이터가 손실될 수 있습니다.
c:\users\arcco\documents\github\framework\client\private\boss.cpp(2007): warning C4244: '인수': 'Engine::_int'에서 'float'(으)로 변환하면서 데이터가 손실될 수 있습니다.
c:\users\arcco\documents\github\framework\client\private\boss.cpp(2010): warning C4244: '인수': 'int'에서 'float'(으)로 변환하면서 데이터가 손실될 수 있습니다.
c:\users\arcco\documents\github\framework\client\private\boss.cpp(2023): warning C4244: '인수': 'Engine::_int'에서 'float'(으)로 변환하면서 데이터가 손실될 수 있습니다.
c:\users\arcco\documents\github\framework\client\private\boss.cpp(2026): warning C4244: '인수': 'int'에서 'float'(으)로 변환하면서 데이터가 손실될 수 있습니다.
c:\users\arcco\documents\github\framework\client\private\boss.cpp(2051): warning C4244: '인수': 'Engine::_double'에서 'float'(으)로 변환하면서 데이터가 손실될 수 있습니다.
c:\users\arcco\documents\github\framework\client\private\boss.cpp(2064): warning C4244: '인수': 'Engine::_int'에서 'float'(으)로 변환하면서 데이터가 손실될 수 있습니다.
c:\users\arcco\documents\github\framework\client\private\boss.cpp(2067): warning C4244: '인수': 'int'에서 'float'(으)로 변환하면서 데이터가 손실될 수 있습니다.
c:\users\arcco\documents\github\framework\client\private\boss.cpp(2080): warning C4244: '인수': 'Engine::_int'에서 'float'(으)로 변환하면서 데이터가 손실될 수 있습니다.
c:\users\arcco\documents\github\framework\client\private\boss.cpp(2083): warning C4244: '인수': 'int'에서 'float'(으)로 변환하면서 데이터가 손실될 수 있습니다.
c:\users\arcco\documents\github\framework\client\private\boss.cpp(2112): warning C4244: '+=': 'Engine::_double'에서 'Engine::_float'(으)로 변환하면서 데이터가 손실될 수 있습니다.
c:\users\arcco\documents\github\framework\client\private\boss.cpp(2211): warning C4244: '+=': 'Engine::_double'에서 'Engine::_float'(으)로 변환하면서 데이터가 손실될 수 있습니다.
c:\users\arcco\documents\github\framework\client\private\boss.cpp(2267): warning C4244: '+=': 'Engine::_double'에서 'Engine::_float'(으)로 변환하면서 데이터가 손실될 수 있습니다.
c:\users\arcco\documents\github\framework\client\private\boss.cpp(2310): warning C4244: '+=': 'Engine::_double'에서 'Engine::_float'(으)로 변환하면서 데이터가 손실될 수 있습니다.
  Client.vcxproj -> C:\Users\arcco\Documents\GitHub\Framework\Client\Config\../Bin/Client.exe
  Client.vcxproj -> ../Bin/Client.pdb (Full PDB)
