c:\github\framework\client\bin\client.pch
c:\github\framework\client\bin\vc140.pdb
c:\github\framework\client\bin\vc140.idb
c:\github\framework\client\bin\pch.obj
c:\github\framework\client\bin\application.obj
c:\github\framework\client\bin\applicationmanager.obj
c:\github\framework\client\bin\background.obj
c:\github\framework\client\bin\level_gameplay.obj
c:\github\framework\client\bin\level_loading.obj
c:\github\framework\client\bin\level_logo.obj
c:\github\framework\client\bin\loader.obj
c:\github\framework\client\bin\terrain.obj
c:\github\framework\client\bin\client.obj
c:\github\framework\client\bin\shader_vtxnortex.cso
c:\github\framework\client\bin\shader_vtxtex.cso
c:\github\framework\client\bin\client.tlog\cl.command.1.tlog
c:\github\framework\client\bin\client.tlog\cl.read.1.tlog
c:\github\framework\client\bin\client.tlog\cl.write.1.tlog
c:\github\framework\client\bin\client.tlog\client.write.1u.tlog
c:\github\framework\client\bin\client.tlog\fxc.command.1.tlog
c:\github\framework\client\bin\client.tlog\fxc.read.1.tlog
c:\github\framework\client\bin\client.tlog\fxc.write.1.tlog
