c:\github\framework\tool\bin\tool.pch
c:\github\framework\tool\bin\vc140.pdb
c:\github\framework\tool\bin\vc140.idb
c:\github\framework\tool\bin\pch.obj
c:\github\framework\tool\bin\imgui.obj
c:\github\framework\tool\bin\imgui_demo.obj
c:\github\framework\tool\bin\imgui_draw.obj
c:\github\framework\tool\bin\imgui_impl_dx11.obj
c:\github\framework\tool\bin\imgui_impl_win32.obj
c:\github\framework\tool\bin\imgui_tables.obj
c:\github\framework\tool\bin\imgui_widgets.obj
c:\github\framework\tool\bin\cube.obj
c:\github\framework\tool\bin\gameobject_tool.obj
c:\github\framework\tool\bin\guimanager.obj
c:\github\framework\tool\bin\maptool.obj
c:\github\framework\tool\bin\saveloader.obj
c:\github\framework\tool\bin\terrain.obj
c:\github\framework\tool\bin\toolcamera.obj
c:\github\framework\tool\bin\toolmain.obj
c:\github\framework\tool\bin\tool.obj
c:\github\framework\tool\bin\tool.ilk
c:\github\framework\tool\bin\tool.exe
c:\github\framework\tool\bin\tool.pdb
c:\github\framework\tool\bin\tool.res
c:\github\framework\tool\bin\../bin/tool.pdb
c:\github\framework\tool\config\../bin/tool.exe
c:\github\framework\tool\bin\../bin/tool.ilk
c:\github\framework\tool\bin\tool.tlog\cl.command.1.tlog
c:\github\framework\tool\bin\tool.tlog\cl.read.1.tlog
c:\github\framework\tool\bin\tool.tlog\cl.write.1.tlog
c:\github\framework\tool\bin\tool.tlog\link.command.1.tlog
c:\github\framework\tool\bin\tool.tlog\link.read.1.tlog
c:\github\framework\tool\bin\tool.tlog\link.write.1.tlog
c:\github\framework\tool\bin\tool.tlog\rc.command.1.tlog
c:\github\framework\tool\bin\tool.tlog\rc.read.1.tlog
c:\github\framework\tool\bin\tool.tlog\rc.write.1.tlog
